<?xml version="1.0" encoding="UTF-8"?>
<!-- Generated by org.testng.reporters.JUnitReportReporter -->
<testsuite skipped="0" hostname="Harry-PC" name="designPattern2.IEBrowser" tests="1" failures="0" timestamp="27 Oct 2020 09:50:29 GMT" time="13.189" errors="0">
  <testcase name="getBrowser" time="13.189" classname="designPattern2.IEBrowser"/>
</testsuite> <!-- designPattern2.IEBrowser -->
