<?xml version="1.0" encoding="UTF-8"?>
<!-- Generated by org.testng.reporters.JUnitReportReporter -->
<testsuite skipped="0" hostname="Harry-PC" name="designPattern2.FireFoxBrowser" tests="1" failures="0" timestamp="27 Oct 2020 09:48:19 GMT" time="52.103" errors="0">
  <testcase name="getBrowser" time="52.103" classname="designPattern2.FireFoxBrowser"/>
</testsuite> <!-- designPattern2.FireFoxBrowser -->
