<?xml version="1.0" encoding="UTF-8"?>
<!-- Generated by org.testng.reporters.JUnitReportReporter -->
<testsuite skipped="0" hostname="Harry-PC" name="prac.LoginPage" tests="2" failures="0" timestamp="08 Nov 2020 15:08:36 GMT" time="42.192" errors="0">
  <testcase name="testLoginPage" time="21.803" classname="prac.LoginPage"/>
  <testcase name="testLoginPage" time="20.389" classname="prac.LoginPage"/>
</testsuite> <!-- prac.LoginPage -->
