<?xml version="1.0" encoding="UTF-8"?>
<!-- Generated by org.testng.reporters.JUnitReportReporter -->
<testsuite skipped="0" hostname="Harry-PC" name="designPattern2.ChromeBrowser" tests="1" failures="0" timestamp="27 Oct 2020 09:42:21 GMT" time="6.738" errors="0">
  <testcase name="getBrowser" time="6.738" classname="designPattern2.ChromeBrowser"/>
</testsuite> <!-- designPattern2.ChromeBrowser -->
